TN:
SF:src\modules\alunos\services\CreateAlunoService.ts
FN:15,(anonymous_14)
FN:16,(anonymous_16)
FNF:2
FNH:0
FNDA:0,(anonymous_14)
FNDA:0,(anonymous_16)
DA:2,0
DA:3,0
DA:4,0
DA:5,0
DA:15,0
DA:16,0
DA:17,0
DA:18,0
DA:19,0
DA:20,0
DA:21,0
DA:23,0
DA:25,0
DA:29,0
DA:30,0
DA:33,0
DA:35,0
DA:43,0
DA:45,0
DA:47,0
DA:49,0
LF:21
LH:0
BRDA:29,0,0,0
BRDA:29,0,1,0
BRF:2
BRH:0
end_of_record
TN:
SF:src\modules\areas\services\CreateAreaService.ts
FN:11,(anonymous_18)
FN:12,CreateAreaService
FN:17,(anonymous_20)
FNF:3
FNH:3
FNDA:1,(anonymous_18)
FNDA:2,CreateAreaService
FNDA:3,(anonymous_20)
DA:2,1
DA:3,1
DA:11,1
DA:14,2
DA:17,3
DA:18,3
DA:20,3
DA:21,1
DA:24,2
DA:26,2
DA:28,1
DA:30,1
LF:12
LH:12
BRDA:18,0,0,3
BRDA:20,1,0,1
BRDA:20,1,1,2
BRF:3
BRH:3
end_of_record
TN:
SF:src\modules\campus\services\CreateCampusService.ts
FN:13,(anonymous_18)
FN:14,CreateCampusService
FN:19,(anonymous_20)
FNF:3
FNH:3
FNDA:1,(anonymous_18)
FNDA:2,CreateCampusService
FNDA:3,(anonymous_20)
DA:2,1
DA:3,1
DA:13,1
DA:16,2
DA:19,1
DA:20,3
DA:21,3
DA:22,3
DA:24,3
DA:26,3
DA:27,1
DA:30,2
DA:36,2
DA:38,1
DA:40,1
LF:15
LH:15
BRDA:24,0,0,3
BRDA:26,1,0,1
BRDA:26,1,1,2
BRF:3
BRH:3
end_of_record
TN:
SF:src\modules\cursos\services\CreateCursoService.ts
FN:15,(anonymous_18)
FN:16,CreateCursoService
FN:21,(anonymous_20)
FNF:3
FNH:3
FNDA:1,(anonymous_18)
FNDA:2,CreateCursoService
FNDA:3,(anonymous_20)
DA:2,1
DA:3,1
DA:15,1
DA:18,2
DA:21,1
DA:22,3
DA:23,3
DA:24,3
DA:25,3
DA:26,3
DA:28,3
DA:34,3
DA:35,1
DA:38,2
DA:46,2
DA:48,1
DA:50,1
LF:17
LH:17
BRDA:28,0,0,3
BRDA:34,1,0,1
BRDA:34,1,1,2
BRF:3
BRH:3
end_of_record
TN:
SF:src\modules\predios\services\CreatePredioService.ts
FN:14,(anonymous_18)
FN:15,CreatePredioService
FN:20,(anonymous_20)
FNF:3
FNH:3
FNDA:1,(anonymous_18)
FNDA:2,CreatePredioService
FNDA:3,(anonymous_20)
DA:2,1
DA:3,1
DA:14,1
DA:17,2
DA:20,1
DA:21,3
DA:22,3
DA:23,3
DA:24,3
DA:26,3
DA:30,3
DA:31,1
DA:34,2
DA:41,2
DA:43,1
DA:45,1
LF:16
LH:16
BRDA:26,0,0,3
BRDA:30,1,0,1
BRDA:30,1,1,2
BRF:3
BRH:3
end_of_record
TN:
SF:src\modules\usuarios\services\AuthenticateUsuarioService.ts
FN:20,(anonymous_18)
FN:21,AuthenticateUsuarioService
FN:26,(anonymous_20)
FNF:3
FNH:0
FNDA:0,(anonymous_18)
FNDA:0,AuthenticateUsuarioService
FNDA:0,(anonymous_20)
DA:1,0
DA:2,0
DA:4,0
DA:5,0
DA:6,0
DA:20,0
DA:23,0
DA:26,0
DA:27,0
DA:29,0
DA:30,0
DA:33,0
DA:35,0
DA:36,0
DA:39,0
DA:41,0
DA:46,0
DA:48,0
DA:50,0
LF:19
LH:0
BRDA:27,0,0,0
BRDA:29,1,0,0
BRDA:29,1,1,0
BRDA:35,2,0,0
BRDA:35,2,1,0
BRF:5
BRH:0
end_of_record
TN:
SF:src\modules\usuarios\services\CreateNivelService.ts
FN:11,(anonymous_18)
FN:12,CreateNivelService
FN:17,(anonymous_20)
FNF:3
FNH:0
FNDA:0,(anonymous_18)
FNDA:0,CreateNivelService
FNDA:0,(anonymous_20)
DA:2,0
DA:3,0
DA:11,0
DA:14,0
DA:17,0
DA:18,0
DA:20,0
DA:21,0
DA:24,0
DA:26,0
DA:28,0
DA:30,0
LF:12
LH:0
BRDA:18,0,0,0
BRDA:20,1,0,0
BRDA:20,1,1,0
BRF:3
BRH:0
end_of_record
TN:
SF:src\modules\usuarios\services\CreateUsuarioService.ts
FN:14,(anonymous_18)
FN:15,CreateUsuarioService
FN:20,(anonymous_20)
FNF:3
FNH:0
FNDA:0,(anonymous_18)
FNDA:0,CreateUsuarioService
FNDA:0,(anonymous_20)
DA:1,0
DA:3,0
DA:4,0
DA:14,0
DA:17,0
DA:20,0
DA:21,0
DA:25,0
DA:26,0
DA:29,0
DA:31,0
DA:37,0
DA:39,0
DA:41,0
LF:14
LH:0
BRDA:21,0,0,0
BRDA:25,1,0,0
BRDA:25,1,1,0
BRF:3
BRH:0
end_of_record
TN:
SF:src\modules\usuarios\services\UpdateAvatarUsuarioService.ts
FN:15,(anonymous_18)
FN:16,UpdateAvatarUsuarioService
FN:21,(anonymous_20)
FNF:3
FNH:0
FNDA:0,(anonymous_18)
FNDA:0,UpdateAvatarUsuarioService
FNDA:0,(anonymous_20)
DA:1,0
DA:2,0
DA:4,0
DA:5,0
DA:6,0
DA:15,0
DA:18,0
DA:21,0
DA:22,0
DA:23,0
DA:25,0
DA:26,0
DA:27,0
DA:33,0
DA:34,0
DA:39,0
DA:41,0
DA:42,0
DA:46,0
DA:48,0
DA:50,0
DA:52,0
DA:54,0
LF:23
LH:0
BRDA:25,0,0,0
BRDA:26,1,0,0
BRDA:26,1,1,0
BRDA:33,2,0,0
BRDA:33,2,1,0
BRDA:41,3,0,0
BRDA:41,3,1,0
BRF:7
BRH:0
end_of_record
