TN:
SF:src\modules\alunos\services\CreateAlunoService.ts
FN:19,(anonymous_18)
FN:20,CreateAlunoService
FN:28,(anonymous_20)
FNF:3
FNH:3
FNDA:1,(anonymous_18)
FNDA:3,CreateAlunoService
FNDA:3,(anonymous_20)
DA:3,1
DA:4,1
DA:19,1
DA:22,3
DA:25,3
DA:28,1
DA:29,3
DA:30,3
DA:31,3
DA:32,3
DA:33,3
DA:34,3
DA:35,3
DA:37,3
DA:44,3
DA:45,0
DA:48,3
DA:50,3
DA:51,1
DA:54,2
DA:61,2
DA:63,1
DA:65,1
LF:23
LH:22
BRDA:37,0,0,3
BRDA:44,1,0,0
BRDA:44,1,1,3
BRDA:50,2,0,1
BRDA:50,2,1,2
BRF:5
BRH:4
end_of_record
TN:
SF:src\modules\areas\services\CreateAreaService.ts
FN:11,(anonymous_18)
FN:12,CreateAreaService
FN:17,(anonymous_20)
FNF:3
FNH:3
FNDA:1,(anonymous_18)
FNDA:2,CreateAreaService
FNDA:3,(anonymous_20)
DA:2,1
DA:3,1
DA:11,1
DA:14,2
DA:17,3
DA:18,3
DA:20,3
DA:21,1
DA:24,2
DA:26,2
DA:28,1
DA:30,1
LF:12
LH:12
BRDA:18,0,0,3
BRDA:20,1,0,1
BRDA:20,1,1,2
BRF:3
BRH:3
end_of_record
TN:
SF:src\modules\campus\services\CreateCampusService.ts
FN:13,(anonymous_18)
FN:14,CreateCampusService
FN:19,(anonymous_20)
FNF:3
FNH:3
FNDA:1,(anonymous_18)
FNDA:2,CreateCampusService
FNDA:3,(anonymous_20)
DA:2,1
DA:3,1
DA:13,1
DA:16,2
DA:19,1
DA:20,3
DA:21,3
DA:22,3
DA:24,3
DA:26,3
DA:27,1
DA:30,2
DA:36,2
DA:38,1
DA:40,1
LF:15
LH:15
BRDA:24,0,0,3
BRDA:26,1,0,1
BRDA:26,1,1,2
BRF:3
BRH:3
end_of_record
TN:
SF:src\modules\cursos\services\CreateCursoService.ts
FN:15,(anonymous_18)
FN:16,CreateCursoService
FN:21,(anonymous_20)
FNF:3
FNH:3
FNDA:1,(anonymous_18)
FNDA:2,CreateCursoService
FNDA:3,(anonymous_20)
DA:2,1
DA:3,1
DA:15,1
DA:18,2
DA:21,1
DA:22,3
DA:23,3
DA:24,3
DA:25,3
DA:26,3
DA:28,3
DA:34,3
DA:35,1
DA:38,2
DA:46,2
DA:48,1
DA:50,1
LF:17
LH:17
BRDA:28,0,0,3
BRDA:34,1,0,1
BRDA:34,1,1,2
BRF:3
BRH:3
end_of_record
TN:
SF:src\modules\predios\services\CreatePredioService.ts
FN:14,(anonymous_18)
FN:15,CreatePredioService
FN:20,(anonymous_20)
FNF:3
FNH:3
FNDA:1,(anonymous_18)
FNDA:2,CreatePredioService
FNDA:3,(anonymous_20)
DA:2,1
DA:3,1
DA:14,1
DA:17,2
DA:20,1
DA:21,3
DA:22,3
DA:23,3
DA:24,3
DA:26,3
DA:30,3
DA:31,1
DA:34,2
DA:41,2
DA:43,1
DA:45,1
LF:16
LH:16
BRDA:26,0,0,3
BRDA:30,1,0,1
BRDA:30,1,1,2
BRF:3
BRH:3
end_of_record
TN:
SF:src\modules\usuarios\services\AuthenticateUsuarioService.ts
FN:20,(anonymous_18)
FN:21,AuthenticateUsuarioService
FN:29,(anonymous_20)
FNF:3
FNH:3
FNDA:1,(anonymous_18)
FNDA:3,AuthenticateUsuarioService
FNDA:3,(anonymous_20)
DA:1,1
DA:3,1
DA:4,1
DA:5,1
DA:20,1
DA:23,3
DA:26,3
DA:29,3
DA:30,3
DA:32,3
DA:33,1
DA:36,2
DA:41,2
DA:42,1
DA:45,1
DA:47,1
DA:52,1
DA:54,1
DA:56,1
LF:19
LH:19
BRDA:30,0,0,3
BRDA:32,1,0,1
BRDA:32,1,1,2
BRDA:41,2,0,1
BRDA:41,2,1,1
BRF:5
BRH:5
end_of_record
TN:
SF:src\modules\usuarios\services\CreateNivelService.ts
FN:11,(anonymous_18)
FN:12,CreateNivelService
FN:17,(anonymous_20)
FNF:3
FNH:3
FNDA:1,(anonymous_18)
FNDA:2,CreateNivelService
FNDA:3,(anonymous_20)
DA:2,1
DA:3,1
DA:11,1
DA:14,2
DA:17,3
DA:18,3
DA:20,3
DA:21,1
DA:24,2
DA:26,2
DA:28,1
DA:30,1
LF:12
LH:12
BRDA:18,0,0,3
BRDA:20,1,0,1
BRDA:20,1,1,2
BRF:3
BRH:3
end_of_record
TN:
SF:src\modules\usuarios\services\CreateUsuarioService.ts
FN:15,(anonymous_18)
FN:16,CreateUsuarioService
FN:24,(anonymous_20)
FNF:3
FNH:3
FNDA:3,(anonymous_18)
FNDA:8,CreateUsuarioService
FNDA:6,(anonymous_20)
DA:2,3
DA:3,3
DA:15,3
DA:18,8
DA:21,8
DA:24,3
DA:25,6
DA:26,6
DA:27,6
DA:28,6
DA:30,6
DA:34,6
DA:35,1
DA:38,5
DA:40,4
DA:47,4
DA:49,3
DA:51,3
LF:18
LH:18
BRDA:30,0,0,6
BRDA:34,1,0,1
BRDA:34,1,1,5
BRF:3
BRH:3
end_of_record
TN:
SF:src\modules\usuarios\services\EnviarEmailRecuperarSenhaService.ts
FN:13,(anonymous_18)
FN:14,EnviarEmailRecuperarSenhaService
FN:25,(anonymous_20)
FNF:3
FNH:3
FNDA:1,(anonymous_18)
FNDA:3,EnviarEmailRecuperarSenhaService
FNDA:3,(anonymous_20)
DA:2,1
DA:3,1
DA:4,1
DA:13,1
DA:16,3
DA:19,3
DA:22,3
DA:25,3
DA:26,3
DA:28,3
DA:29,1
DA:32,2
DA:34,2
DA:41,4
DA:56,1
DA:58,1
LF:16
LH:16
BRDA:26,0,0,3
BRDA:28,1,0,1
BRDA:28,1,1,2
BRF:3
BRH:3
end_of_record
TN:
SF:src\modules\usuarios\services\ResetarSenhaService.ts
FN:15,(anonymous_18)
FN:16,ResetarSenhaService
FN:27,(anonymous_20)
FNF:3
FNH:3
FNDA:1,(anonymous_18)
FNDA:4,ResetarSenhaService
FNDA:4,(anonymous_20)
DA:2,1
DA:3,1
DA:4,1
DA:15,1
DA:18,4
DA:21,4
DA:24,4
DA:27,4
DA:28,4
DA:32,4
DA:33,1
DA:35,3
DA:39,3
DA:40,1
DA:43,2
DA:44,2
DA:46,2
DA:47,1
DA:50,1
DA:52,1
DA:54,1
DA:56,1
LF:22
LH:22
BRDA:28,0,0,4
BRDA:32,1,0,1
BRDA:32,1,1,3
BRDA:39,2,0,1
BRDA:39,2,1,2
BRDA:46,3,0,1
BRDA:46,3,1,1
BRF:7
BRH:7
end_of_record
TN:
SF:src\modules\usuarios\services\ShowPerfilService.ts
FN:13,(anonymous_18)
FN:14,ShowPerfilService
FN:19,(anonymous_20)
FNF:3
FNH:3
FNDA:1,(anonymous_18)
FNDA:2,ShowPerfilService
FNDA:2,(anonymous_20)
DA:1,1
DA:3,1
DA:13,1
DA:16,2
DA:19,2
DA:20,2
DA:22,2
DA:23,1
DA:26,1
DA:28,1
DA:30,1
LF:11
LH:11
BRDA:20,0,0,2
BRDA:22,1,0,1
BRDA:22,1,1,1
BRF:3
BRH:3
end_of_record
TN:
SF:src\modules\usuarios\services\UpdateAvatarUsuarioService.ts
FN:13,(anonymous_18)
FN:14,UpdateAvatarUsuarioService
FN:22,(anonymous_20)
FNF:3
FNH:3
FNDA:1,(anonymous_18)
FNDA:3,UpdateAvatarUsuarioService
FNDA:4,(anonymous_20)
DA:2,1
DA:3,1
DA:13,1
DA:16,3
DA:19,3
DA:22,1
DA:23,4
DA:24,4
DA:26,4
DA:27,4
DA:28,1
DA:34,5
DA:35,2
DA:37,3
DA:39,3
DA:41,6
DA:43,3
DA:45,1
DA:47,1
LF:19
LH:19
BRDA:26,0,0,4
BRDA:26,0,1,3
BRDA:27,1,0,1
BRDA:27,1,1,3
BRDA:34,2,0,2
BRDA:34,2,1,1
BRF:6
BRH:6
end_of_record
TN:
SF:src\modules\usuarios\services\UpdatePerfilService.ts
FN:16,(anonymous_18)
FN:17,UpdatePerfilService
FN:25,(anonymous_20)
FNF:3
FNH:3
FNDA:1,(anonymous_18)
FNDA:6,UpdatePerfilService
FNDA:6,(anonymous_20)
DA:1,1
DA:2,1
DA:16,1
DA:19,6
DA:22,6
DA:25,1
DA:26,6
DA:27,6
DA:28,6
DA:29,6
DA:30,6
DA:32,6
DA:34,6
DA:35,1
DA:38,5
DA:42,5
DA:46,1
DA:49,4
DA:50,4
DA:52,4
DA:53,1
DA:58,4
DA:59,2
DA:64,2
DA:65,1
DA:68,1
DA:71,2
DA:73,1
DA:75,1
LF:29
LH:29
BRDA:32,0,0,6
BRDA:32,0,1,2
BRDA:34,1,0,1
BRDA:34,1,1,5
BRDA:42,2,0,1
BRDA:42,2,1,4
BRDA:43,3,0,5
BRDA:43,3,1,1
BRDA:52,4,0,1
BRDA:52,4,1,3
BRDA:52,5,0,4
BRDA:52,5,1,3
BRDA:58,6,0,1
BRDA:58,6,1,2
BRDA:58,7,0,3
BRDA:58,7,1,2
BRDA:64,8,0,1
BRDA:64,8,1,1
BRF:18
BRH:18
end_of_record
